gr-osmosdr 0.2.0.0 (0.2.0) gnuradio 3.10.5.1
built-in source types: file fcd rtl rtl_tcp uhd hackrf bladerf rfspace airspy airspyhf soapy redpitaya freesrp xtrx 
[INFO] [UHD] linux; GNU C++ version 12.2.0; Boost_107400; UHD_4.3.0.0+ds1-5

RtApiPulse::DeviceInfo pa_context_connect() failed: Connection refused

ALSA lib pcm_asym.c:105:(_snd_pcm_asym_open) capture slave is not defined

RtApiAlsa::getDeviceInfo: snd_pcm_open error for device (default), Invalid argument.


RtApiAlsa::getDeviceInfo: pcm device (hw:0,0) data format not supported by RtAudio.


RtApiAlsa::getDeviceInfo: snd_pcm_open error for device (hw:1,0), Unknown error 524.

Detached kernel driver
Found Rafael Micro R820T tuner
Reattached kernel driver
libusb: warning [libusb_exit] device 2.1 still referenced
libusb: warning [libusb_exit] device 1.3 still referenced
libusb: warning [libusb_exit] device 1.2 still referenced
libusb: warning [libusb_exit] device 1.1 still referenced
Using device #0 Nooelec NESDR SMArt v5 SN: 00000001
Detached kernel driver
Found Rafael Micro R820T tuner
[R82XX] PLL not locked!
[R82XX] PLL not locked!
Allocating 15 zero-copy buffers
The headless pid is:  1909
PWD:
/root
Reattached kernel driver
gr-osmosdr 0.2.0.0 (0.2.0) gnuradio 3.10.5.1
built-in source types: file fcd rtl rtl_tcp uhd hackrf bladerf rfspace airspy airspyhf soapy redpitaya freesrp xtrx 
[INFO] [UHD] linux; GNU C++ version 12.2.0; Boost_107400; UHD_4.3.0.0+ds1-5

RtApiPulse::DeviceInfo pa_context_connect() failed: Connection refused

ALSA lib pcm_asym.c:105:(_snd_pcm_asym_open) capture slave is not defined

RtApiAlsa::getDeviceInfo: snd_pcm_open error for device (default), Invalid argument.


RtApiAlsa::getDeviceInfo: pcm device (hw:0,0) data format not supported by RtAudio.


RtApiAlsa::getDeviceInfo: snd_pcm_open error for device (hw:1,0), Unknown error 524.

Detached kernel driver
Found Rafael Micro R820T tuner
Reattached kernel driver
libusb: warning [libusb_exit] device 2.1 still referenced
libusb: warning [libusb_exit] device 1.3 still referenced
libusb: warning [libusb_exit] device 1.2 still referenced
libusb: warning [libusb_exit] device 1.1 still referenced
Using device #0 Nooelec NESDR SMArt v5 SN: 00000001
Detached kernel driver
Found Rafael Micro R820T tuner
[R82XX] PLL not locked!
[R82XX] PLL not locked!
Allocating 15 zero-copy buffers
The headless pid is:  2075
PWD:
/root
Reattached kernel driver
